[19:30:09.956] Global cache location 'C:/Users/Fernando/AppData/Local/Microsoft/TypeScript/4.5', safe file path 'c:/users/fernando/appdata/roaming/npm/node_modules/typescript/lib/typingsafelist.json', types map path c:/users/fernando/appdata/roaming/npm/node_modules/typescript/lib/typesmap.json
[19:30:09.958] Processing cache location 'C:/Users/Fernando/AppData/Local/Microsoft/TypeScript/4.5'
[19:30:09.958] Trying to find 'C:/Users/Fernando/AppData/Local/Microsoft/TypeScript/4.5/package.json'...
[19:30:09.965] Loaded content of 'C:/Users/Fernando/AppData/Local/Microsoft/TypeScript/4.5/package.json': {"private":true,"dependencies":{"types-registry":"^0.1.575"},"devDependencies":{"@types/abbrev":"^1.1.2","@types/accepts":"^1.3.5","@types/adm-zip":"^0.4.34","@types/archy":"^0.0.32","@types/are-we-there-yet":"^1.1.0","@types/argparse":"^2.0.10","@types/arr-diff":"^4.0.0","@types/arr-union":"^3.1.0","@types/array-find-index":"^1.0.0","@types/array-unique":"^0.3.0","@types/async":"^3.2.10","@types/atob":"^2.1.2","@types/balanced-match":"^1.0.2","@types/base64id":"^2.0.0","@types/big.js":"^6.1.2","@types/bl":"^5.0.2","@types/bluebird":"^3.5.36","@types/body-parser":"^1.19.2","@types/bonjour":"^3.5.9","@types/boolbase":"^1.0.0","@types/brace-expansion":"^1.1.0","@types/braces":"^3.0.1","@types/bser":"^2.0.1","@types/buffer-from":"^1.1.0","@types/bytes":"^3.1.1","@types/cacache":"^15.0.1","@types/cacheable-request":"^6.0.2","@types/call-bind":"^1.0.0","@types/caniuse-lite":"^1.0.1","@types/chardet":"^0.8.1","@types/chownr":"^1.0.0","@types/circular-dependency-plugin":"^5.0.5","@types/cli-spinners":"^1.3.0","@types/clone":"^2.1.1","@types/clone-deep":"^4.0.1","@types/co":"^4.6.3","@types/color-convert":"^2.0.0","@types/color-name":"^1.1.1","@types/color-support":"^1.1.1","@types/combined-stream":"^1.0.3","@types/commondir":"^1.0.0","@types/component-emitter":"^1.2.11","@types/compressible":"^2.0.0","@types/compression":"^1.7.2","@types/concat-map":"^0.0.1","@types/config":"^0.0.40","@types/configstore":"^5.0.1","@types/connect":"^3.4.35","@types/connect-history-api-fallback":"^1.3.5","@types/content-disposition":"^0.5.4","@types/content-type":"^1.1.5","@types/convert-source-map":"^1.5.2","@types/cookie":"^0.4.1","@types/cookie-signature":"^1.0.4","@types/cookiejar":"^2.1.2","@types/copy-webpack-plugin":"^8.0.1","@types/core-js":"^2.5.5","@types/cors":"^2.8.12","@types/cross-spawn":"^6.0.2","@types/css":"^0.0.33","@types/cssesc":"^3.0.0","@types/cssom":"^0.4.1","@types/cssstyle":"^2.2.1","@types/data-urls":"^2.0.1","@types/debug":"^4.1.7","@types/decode-uri-component":"^0.2.0","@types/dedent":"^0.7.0","@types/deep-equal":"^1.0.1","@types/deep-extend":"^0.4.32","@types/default-gateway":"^3.0.1","@types/defaults":"^1.0.3","@types/define-properties":"^1.1.3","@types/depd":"^1.1.32","@types/destroy":"^1.0.0","@types/detect-node":"^2.0.0","@types/di":"^0.0.1","@types/dir-glob":"^2.0.1","@types/dns-packet":"^5.2.4","@types/domexception":"^2.0.1","@types/dottie":"^2.0.4","@types/duplexer3":"^0.1.1","@types/duplexify":"^3.6.0","@types/ee-first":"^1.1.0","@types/ejs":"^3.1.0","@types/encodeurl":"^1.0.0","@types/end-of-stream":"^1.4.1","@types/ent":"^2.2.5","@types/escape-html":"^1.0.1","@types/escodegen":"^0.0.7","@types/eslint-scope":"^3.7.1","@types/esprima":"^4.0.3","@types/estraverse":"^5.1.1","@types/esutils":"^2.0.0","@types/etag":"^1.8.1","@types/events":"^3.0.0","@types/exit":"^0.1.31","@types/express":"^4.17.13","@types/extend":"^3.0.1","@types/fast-levenshtein":"^0.0.2","@types/fast-redact":"^3.0.1","@types/fb-watchman":"^2.0.1","@types/fill-range":"^7.0.0","@types/finalhandler":"^1.1.1","@types/find-cache-dir":"^3.2.1","@types/follow-redirects":"^1.13.1","@types/formidable":"^2.0.1","@types/forwarded":"^0.1.0","@types/fresh":"^0.5.0","@types/fs-extra":"^9.0.13","@types/function-bind":"^1.1.6","@types/get-intrinsic":"^1.0.0","@types/get-value":"^3.0.2","@types/glob":"^7.2.0","@types/glob-parent":"^5.1.1","@types/glob-stream":"^6.1.1","@types/glob-to-regexp":"^0.4.1","@types/got":"^9.6.12","@types/graceful-fs":"^4.1.5","@types/has":"^1.0.0","@types/has-symbols":"^1.0.0","@types/hosted-git-info":"^3.0.2","@types/html-encoding-sniffer":"^2.0.2","@types/html-escaper":"^3.0.0","@types/http-cache-semantics":"^4.0.1","@types/http-errors":"^1.8.1","@types/http-proxy":"^1.17.7","@types/humanize-ms":"^1.2.1","@types/icss-utils":"^5.1.0","@types/ignore-walk":"^4.0.0","@types/imurmurhash":"^0.1.1","@types/inflection":"^1.13.0","@types/inherits":"^0.0.30","@types/ini":"^1.3.31","@types/inquirer":"^8.1.3","@types/ip":"^1.1.0","@types/is-absolute":"^1.0.0","@types/is-arguments":"^1.0.0","@types/is-buffer":"^2.0.0","@types/is-ci":"^3.0.0","@types/is-core-module":"^2.2.0","@types/is-data-descriptor":"^1.0.0","@types/is-date-object":"^1.0.1","@types/is-finite":"^1.0.0","@types/is-glob":"^4.0.2","@types/is-negated-glob":"^1.0.0","@types/is-number":"^7.0.2","@types/is-regex":"^1.0.0","@types/is-relative":"^1.0.0","@types/is-typedarray":"^1.0.0","@types/is-unc-path":"^1.0.0","@types/is-windows":"^1.0.0","@types/isarray":"^2.0.0","@types/isexe":"^2.0.1","@types/istanbul-lib-coverage":"^2.0.4","@types/istanbul-lib-instrument":"^1.7.4","@types/istanbul-lib-report":"^3.0.0","@types/istanbul-lib-source-maps":"^4.0.1","@types/istanbul-reports":"^3.0.1","@types/js-yaml":"^4.0.5","@types/jsdom":"^16.2.14","@types/jsesc":"^3.0.1","@types/json-buffer":"^3.0.0","@types/json-parse-better-errors":"^1.0.0","@types/jsonfile":"^6.0.1","@types/karma":"^6.3.1","@types/karma-chrome-launcher":"^3.1.1","@types/karma-coverage":"^2.0.1","@types/karma-jasmine":"^4.0.2","@types/karma-jasmine-html-reporter":"^1.7.0","@types/keyv":"^3.1.3","@types/kind-of":"^6.0.0","@types/less":"^3.0.3","@types/loader-runner":"^2.2.4","@types/loader-utils":"^2.0.3","@types/lodash":"^4.14.178","@types/lodash.debounce":"^4.0.6","@types/lru-cache":"^5.1.1","@types/make-fetch-happen":"^9.0.1","@types/media-typer":"^1.1.1","@types/merge-descriptors":"^1.0.1","@types/merge-stream":"^1.1.2","@types/merge2":"^1.3.1","@types/methods":"^1.1.1","@types/micromatch":"^4.0.2","@types/mime":"^2.0.3","@types/mime-db":"^1.43.1","@types/mime-types":"^2.1.1","@types/mini-css-extract-plugin":"^2.4.0","@types/minimalistic-assert":"^1.0.1","@types/minimatch":"^3.0.5","@types/minimist":"^1.2.2","@types/minipass":"^3.1.0","@types/minizlib":"^2.1.2","@types/mkdirp":"^1.0.2","@types/ms":"^0.7.31","@types/multicast-dns":"^7.2.1","@types/mute-stream":"^0.0.1","@types/natural-compare":"^1.4.1","@types/needle":"^2.5.2","@types/negotiator":"^0.6.1","@types/node-forge":"^0.10.10","@types/node-int64":"^0.4.29","@types/nodemon":"^1.19.1","@types/nopt":"^3.0.29","@types/normalize-package-data":"^2.4.1","@types/normalize-path":"^3.0.0","@types/npm-package-arg":"^6.1.1","@types/npm-packlist":"^1.1.2","@types/npm-registry-fetch":"^8.0.2","@types/npmlog":"^4.1.3","@types/num2fraction":"^1.2.0","@types/nwsapi":"^2.2.2","@types/object-assign":"^4.0.30","@types/object-keys":"^1.0.1","@types/object.pick":"^1.3.1","@types/on-finished":"^2.3.1","@types/on-headers":"^1.0.0","@types/once":"^1.4.0","@types/os-tmpdir":"^1.0.0","@types/pacote":"^11.1.1","@types/pad-left":"^2.1.1","@types/pako":"^1.0.2","@types/parse-json":"^4.0.0","@types/parse-node-version":"^1.0.0","@types/parse5":"^6.0.3","@types/parse5-html-rewriting-stream":"^5.1.2","@types/parse5-htmlparser2-tree-adapter":"^6.0.1","@types/parse5-sax-parser":"^5.0.2","@types/parseurl":"^1.3.1","@types/pascalcase":"^1.0.1","@types/path-is-absolute":"^1.0.0","@types/path-parse":"^1.0.19","@types/pg":"^8.6.2","@types/pg-pool":"^2.0.3","@types/picomatch":"^2.3.0","@types/pify":"^5.0.1","@types/pino-std-serializers":"^2.4.1","@types/postcss-gap-properties":"^2.0.1","@types/postcss-import":"^14.0.0","@types/postcss-modules-extract-imports":"^3.0.2","@types/postcss-modules-local-by-default":"^4.0.0","@types/postcss-modules-scope":"^3.0.0","@types/postcss-modules-values":"^4.0.0","@types/postcss-preset-env":"^6.7.3","@types/prelude-ls":"^1.1.29","@types/promise-inflight":"^1.0.0","@types/promise-retry":"^1.1.3","@types/prompts":"^2.0.14","@types/proxy-addr":"^2.0.0","@types/psl":"^1.1.0","@types/pump":"^1.1.1","@types/pumpify":"^1.4.1","@types/punycode":"^2.1.0","@types/qs":"^6.9.7","@types/quick-format-unescaped":"^4.0.0","@types/randombytes":"^2.0.0","@types/range-parser":"^1.2.4","@types/rc":"^1.2.0","@types/react-is":"^17.0.3","@types/readable-stream":"^2.3.12","@types/regenerate":"^1.4.1","@types/regenerator-runtime":"^0.13.1","@types/regex-not":"^1.0.0","@types/registry-auth-token":"^4.2.1","@types/repeat-element":"^1.1.0","@types/repeat-string":"^1.6.2","@types/require-directory":"^2.1.2","@types/require-from-string":"^1.2.1","@types/requires-port":"^1.0.0","@types/resolve":"^1.20.1","@types/responselike":"^1.0.0","@types/retry":"^0.12.1","@types/retry-as-promised":"^2.3.3","@types/rimraf":"^3.0.2","@types/run-parallel":"^1.1.0","@types/safe-regex":"^1.1.3","@types/safer-buffer":"^2.1.0","@types/sass":"^1.43.1","@types/sass-loader":"^8.0.2","@types/sax":"^1.2.3","@types/semver":"^7.3.9","@types/send":"^0.17.1","@types/serialize-javascript":"^5.0.1","@types/serve-index":"^1.9.1","@types/serve-static":"^1.13.10","@types/set-cookie-parser":"^2.4.1","@types/set-value":"^4.0.1","@types/shebang-command":"^1.2.0","@types/shimmer":"^1.0.2","@types/signal-exit":"^3.0.1","@types/sockjs":"^0.3.33","@types/source-map-support":"^0.5.4","@types/spdx-correct":"^2.0.0","@types/spdx-expression-parse":"^3.0.1","@types/spdy":"^3.4.5","@types/split2":"^3.2.1","@types/sprintf":"^0.1.0","@types/sprintf-js":"^1.1.2","@types/ssri":"^7.1.1","@types/stack-utils":"^2.0.1","@types/statuses":"^2.0.0","@types/stream-shift":"^1.0.0","@types/string-similarity":"^4.0.0","@types/strip-final-newline":"^3.0.0","@types/stylus":"^0.48.36","@types/superagent":"^4.1.13","@types/supertest":"^2.0.11","@types/supports-color":"^8.1.1","@types/symbol-tree":"^3.2.2","@types/tar":"^6.1.1","@types/text-table":"^0.2.2","@types/through":"^0.0.30","@types/through2":"^2.0.36","@types/thunky":"^1.1.0","@types/tmp":"^0.2.2","@types/tmpl":"^1.0.0","@types/to-absolute-glob":"^2.0.1","@types/to-regex":"^3.0.0","@types/to-regex-range":"^5.0.0","@types/touch":"^3.1.2","@types/tough-cookie":"^4.0.1","@types/type-check":"^0.3.27","@types/type-detect":"^4.0.1","@types/type-is":"^1.6.3","@types/ua-parser-js":"^0.7.36","@types/unc-path-regex":"^0.1.0","@types/underscore":"^1.11.4","@types/uniq":"^0.0.27","@types/universalify":"^1.0.0","@types/update-notifier":"^5.1.0","@types/urix":"^0.1.0","@types/url-parse-lax":"^5.0.0","@types/util-deprecate":"^1.0.0","@types/utils-merge":"^0.0.28","@types/uuid":"^8.3.3","@types/validate-npm-package-license":"^3.0.1","@types/validate-npm-package-name":"^3.0.3","@types/validator":"^13.7.0","@types/vary":"^1.1.0","@types/void-elements":"^3.1.0","@types/w3c-hr-time":"^1.0.0","@types/w3c-xmlserializer":"^2.0.2","@types/watchpack":"^1.1.7","@types/wcwidth":"^1.0.0","@types/webidl-conversions":"^6.1.1","@types/webpack-dev-middleware":"^5.0.2","@types/webpack-dev-server":"^4.5.0","@types/webpack-sources":"^3.2.0","@types/whatwg-encoding":"^1.0.0","@types/whatwg-mimetype":"^2.1.1","@types/whatwg-url":"^8.2.1","@types/which":"^2.0.1","@types/wrap-ansi":"^8.0.1","@types/write-file-atomic":"^3.0.3","@types/ws":"^8.2.2","@types/xtend":"^4.0.4","@types/yallist":"^4.0.1","@types/yargs":"^17.0.8","@types/yargs-parser":"^20.2.1"}}
[19:30:09.966] Loaded content of 'C:/Users/Fernando/AppData/Local/Microsoft/TypeScript/4.5/package-lock.json'
[19:30:09.979] Adding entry into typings cache: 'abbrev' => 'C:/Users/Fernando/AppData/Local/Microsoft/TypeScript/4.5/node_modules/@types/abbrev/index.d.ts'
[19:30:09.984] Adding entry into typings cache: 'accepts' => 'C:/Users/Fernando/AppData/Local/Microsoft/TypeScript/4.5/node_modules/@types/accepts/index.d.ts'
[19:30:09.988] Adding entry into typings cache: 'adm-zip' => 'C:/Users/Fernando/AppData/Local/Microsoft/TypeScript/4.5/node_modules/@types/adm-zip/index.d.ts'
[19:30:09.992] Adding entry into typings cache: 'archy' => 'C:/Users/Fernando/AppData/Local/Microsoft/TypeScript/4.5/node_modules/@types/archy/index.d.ts'
[19:30:09.995] Adding entry into typings cache: 'are-we-there-yet' => 'C:/Users/Fernando/AppData/Local/Microsoft/TypeScript/4.5/node_modules/@types/are-we-there-yet/index.d.ts'
[19:30:09.998] Adding entry into typings cache: 'argparse' => 'C:/Users/Fernando/AppData/Local/Microsoft/TypeScript/4.5/node_modules/@types/argparse/index.d.ts'
[19:30:10.005] Adding entry into typings cache: 'arr-diff' => 'C:/Users/Fernando/AppData/Local/Microsoft/TypeScript/4.5/node_modules/@types/arr-diff/index.d.ts'
[19:30:10.012] Adding entry into typings cache: 'arr-union' => 'C:/Users/Fernando/AppData/Local/Microsoft/TypeScript/4.5/node_modules/@types/arr-union/index.d.ts'
[19:30:10.015] Adding entry into typings cache: 'array-find-index' => 'C:/Users/Fernando/AppData/Local/Microsoft/TypeScript/4.5/node_modules/@types/array-find-index/index.d.ts'
[19:30:10.020] Adding entry into typings cache: 'array-unique' => 'C:/Users/Fernando/AppData/Local/Microsoft/TypeScript/4.5/node_modules/@types/array-unique/index.d.ts'
[19:30:10.025] Adding entry into typings cache: 'async' => 'C:/Users/Fernando/AppData/Local/Microsoft/TypeScript/4.5/node_modules/@types/async/index.d.ts'
[19:30:10.029] Adding entry into typings cache: 'atob' => 'C:/Users/Fernando/AppData/Local/Microsoft/TypeScript/4.5/node_modules/@types/atob/index.d.ts'
[19:30:10.031] Adding entry into typings cache: 'balanced-match' => 'C:/Users/Fernando/AppData/Local/Microsoft/TypeScript/4.5/node_modules/@types/balanced-match/index.d.ts'
[19:30:10.033] Adding entry into typings cache: 'base64id' => 'C:/Users/Fernando/AppData/Local/Microsoft/TypeScript/4.5/node_modules/@types/base64id/index.d.ts'
[19:30:10.036] Adding entry into typings cache: 'big.js' => 'C:/Users/Fernando/AppData/Local/Microsoft/TypeScript/4.5/node_modules/@types/big.js/index.d.ts'
[19:30:10.039] Adding entry into typings cache: 'bl' => 'C:/Users/Fernando/AppData/Local/Microsoft/TypeScript/4.5/node_modules/@types/bl/index.d.ts'
[19:30:10.042] Adding entry into typings cache: 'bluebird' => 'C:/Users/Fernando/AppData/Local/Microsoft/TypeScript/4.5/node_modules/@types/bluebird/index.d.ts'
[19:30:10.045] Adding entry into typings cache: 'body-parser' => 'C:/Users/Fernando/AppData/Local/Microsoft/TypeScript/4.5/node_modules/@types/body-parser/index.d.ts'
[19:30:10.047] Adding entry into typings cache: 'bonjour' => 'C:/Users/Fernando/AppData/Local/Microsoft/TypeScript/4.5/node_modules/@types/bonjour/index.d.ts'
[19:30:10.049] Adding entry into typings cache: 'boolbase' => 'C:/Users/Fernando/AppData/Local/Microsoft/TypeScript/4.5/node_modules/@types/boolbase/index.d.ts'
[19:30:10.051] Adding entry into typings cache: 'brace-expansion' => 'C:/Users/Fernando/AppData/Local/Microsoft/TypeScript/4.5/node_modules/@types/brace-expansion/index.d.ts'
[19:30:10.053] Adding entry into typings cache: 'braces' => 'C:/Users/Fernando/AppData/Local/Microsoft/TypeScript/4.5/node_modules/@types/braces/index.d.ts'
[19:30:10.056] Adding entry into typings cache: 'bser' => 'C:/Users/Fernando/AppData/Local/Microsoft/TypeScript/4.5/node_modules/@types/bser/index.d.ts'
[19:30:10.059] Adding entry into typings cache: 'buffer-from' => 'C:/Users/Fernando/AppData/Local/Microsoft/TypeScript/4.5/node_modules/@types/buffer-from/index.d.ts'
[19:30:10.061] Adding entry into typings cache: 'bytes' => 'C:/Users/Fernando/AppData/Local/Microsoft/TypeScript/4.5/node_modules/@types/bytes/index.d.ts'
[19:30:10.062] Adding entry into typings cache: 'cacache' => 'C:/Users/Fernando/AppData/Local/Microsoft/TypeScript/4.5/node_modules/@types/cacache/index.d.ts'
[19:30:10.064] Adding entry into typings cache: 'cacheable-request' => 'C:/Users/Fernando/AppData/Local/Microsoft/TypeScript/4.5/node_modules/@types/cacheable-request/index.d.ts'
[19:30:10.066] Adding entry into typings cache: 'call-bind' => 'C:/Users/Fernando/AppData/Local/Microsoft/TypeScript/4.5/node_modules/@types/call-bind/index.d.ts'
[19:30:10.069] Adding entry into typings cache: 'caniuse-lite' => 'C:/Users/Fernando/AppData/Local/Microsoft/TypeScript/4.5/node_modules/@types/caniuse-lite/index.d.ts'
[19:30:10.071] Adding entry into typings cache: 'chardet' => 'C:/Users/Fernando/AppData/Local/Microsoft/TypeScript/4.5/node_modules/@types/chardet/index.d.ts'
[19:30:10.073] Adding entry into typings cache: 'chownr' => 'C:/Users/Fernando/AppData/Local/Microsoft/TypeScript/4.5/node_modules/@types/chownr/index.d.ts'
[19:30:10.075] Adding entry into typings cache: 'circular-dependency-plugin' => 'C:/Users/Fernando/AppData/Local/Microsoft/TypeScript/4.5/node_modules/@types/circular-dependency-plugin/index.d.ts'
[19:30:10.078] Adding entry into typings cache: 'cli-spinners' => 'C:/Users/Fernando/AppData/Local/Microsoft/TypeScript/4.5/node_modules/@types/cli-spinners/index.d.ts'
[19:30:10.081] Adding entry into typings cache: 'clone' => 'C:/Users/Fernando/AppData/Local/Microsoft/TypeScript/4.5/node_modules/@types/clone/index.d.ts'
[19:30:10.083] Adding entry into typings cache: 'clone-deep' => 'C:/Users/Fernando/AppData/Local/Microsoft/TypeScript/4.5/node_modules/@types/clone-deep/index.d.ts'
[19:30:10.086] Adding entry into typings cache: 'co' => 'C:/Users/Fernando/AppData/Local/Microsoft/TypeScript/4.5/node_modules/@types/co/index.d.ts'
[19:30:10.089] Adding entry into typings cache: 'color-convert' => 'C:/Users/Fernando/AppData/Local/Microsoft/TypeScript/4.5/node_modules/@types/color-convert/index.d.ts'
[19:30:10.092] Adding entry into typings cache: 'color-name' => 'C:/Users/Fernando/AppData/Local/Microsoft/TypeScript/4.5/node_modules/@types/color-name/index.d.ts'
[19:30:10.095] Adding entry into typings cache: 'color-support' => 'C:/Users/Fernando/AppData/Local/Microsoft/TypeScript/4.5/node_modules/@types/color-support/index.d.ts'
[19:30:10.098] Adding entry into typings cache: 'combined-stream' => 'C:/Users/Fernando/AppData/Local/Microsoft/TypeScript/4.5/node_modules/@types/combined-stream/index.d.ts'
[19:30:10.100] Adding entry into typings cache: 'commondir' => 'C:/Users/Fernando/AppData/Local/Microsoft/TypeScript/4.5/node_modules/@types/commondir/index.d.ts'
[19:30:10.103] Adding entry into typings cache: 'component-emitter' => 'C:/Users/Fernando/AppData/Local/Microsoft/TypeScript/4.5/node_modules/@types/component-emitter/index.d.ts'
[19:30:10.105] Adding entry into typings cache: 'compressible' => 'C:/Users/Fernando/AppData/Local/Microsoft/TypeScript/4.5/node_modules/@types/compressible/index.d.ts'
[19:30:10.107] Adding entry into typings cache: 'compression' => 'C:/Users/Fernando/AppData/Local/Microsoft/TypeScript/4.5/node_modules/@types/compression/index.d.ts'
[19:30:10.111] Adding entry into typings cache: 'concat-map' => 'C:/Users/Fernando/AppData/Local/Microsoft/TypeScript/4.5/node_modules/@types/concat-map/index.d.ts'
[19:30:10.113] Adding entry into typings cache: 'config' => 'C:/Users/Fernando/AppData/Local/Microsoft/TypeScript/4.5/node_modules/@types/config/index.d.ts'
[19:30:10.115] Adding entry into typings cache: 'configstore' => 'C:/Users/Fernando/AppData/Local/Microsoft/TypeScript/4.5/node_modules/@types/configstore/index.d.ts'
[19:30:10.116] Adding entry into typings cache: 'connect' => 'C:/Users/Fernando/AppData/Local/Microsoft/TypeScript/4.5/node_modules/@types/connect/index.d.ts'
[19:30:10.121] Adding entry into typings cache: 'connect-history-api-fallback' => 'C:/Users/Fernando/AppData/Local/Microsoft/TypeScript/4.5/node_modules/@types/connect-history-api-fallback/index.d.ts'
[19:30:10.124] Adding entry into typings cache: 'content-disposition' => 'C:/Users/Fernando/AppData/Local/Microsoft/TypeScript/4.5/node_modules/@types/content-disposition/index.d.ts'
[19:30:10.128] Adding entry into typings cache: 'content-type' => 'C:/Users/Fernando/AppData/Local/Microsoft/TypeScript/4.5/node_modules/@types/content-type/index.d.ts'
[19:30:10.130] Adding entry into typings cache: 'convert-source-map' => 'C:/Users/Fernando/AppData/Local/Microsoft/TypeScript/4.5/node_modules/@types/convert-source-map/index.d.ts'
[19:30:10.133] Adding entry into typings cache: 'cookie' => 'C:/Users/Fernando/AppData/Local/Microsoft/TypeScript/4.5/node_modules/@types/cookie/index.d.ts'
[19:30:10.135] Adding entry into typings cache: 'cookie-signature' => 'C:/Users/Fernando/AppData/Local/Microsoft/TypeScript/4.5/node_modules/@types/cookie-signature/index.d.ts'
[19:30:10.137] Adding entry into typings cache: 'cookiejar' => 'C:/Users/Fernando/AppData/Local/Microsoft/TypeScript/4.5/node_modules/@types/cookiejar/index.d.ts'
[19:30:10.142] Adding entry into typings cache: 'copy-webpack-plugin' => 'C:/Users/Fernando/AppData/Local/Microsoft/TypeScript/4.5/node_modules/@types/copy-webpack-plugin/index.d.ts'
[19:30:10.145] Adding entry into typings cache: 'core-js' => 'C:/Users/Fernando/AppData/Local/Microsoft/TypeScript/4.5/node_modules/@types/core-js/index.d.ts'
[19:30:10.147] Adding entry into typings cache: 'cors' => 'C:/Users/Fernando/AppData/Local/Microsoft/TypeScript/4.5/node_modules/@types/cors/index.d.ts'
[19:30:10.149] Adding entry into typings cache: 'cross-spawn' => 'C:/Users/Fernando/AppData/Local/Microsoft/TypeScript/4.5/node_modules/@types/cross-spawn/index.d.ts'
[19:30:10.152] Adding entry into typings cache: 'css' => 'C:/Users/Fernando/AppData/Local/Microsoft/TypeScript/4.5/node_modules/@types/css/index.d.ts'
[19:30:10.154] Adding entry into typings cache: 'cssesc' => 'C:/Users/Fernando/AppData/Local/Microsoft/TypeScript/4.5/node_modules/@types/cssesc/index.d.ts'
[19:30:10.155] Adding entry into typings cache: 'cssom' => 'C:/Users/Fernando/AppData/Local/Microsoft/TypeScript/4.5/node_modules/@types/cssom/index.d.ts'
[19:30:10.157] Adding entry into typings cache: 'cssstyle' => 'C:/Users/Fernando/AppData/Local/Microsoft/TypeScript/4.5/node_modules/@types/cssstyle/index.d.ts'
[19:30:10.160] Adding entry into typings cache: 'data-urls' => 'C:/Users/Fernando/AppData/Local/Microsoft/TypeScript/4.5/node_modules/@types/data-urls/index.d.ts'
[19:30:10.166] Adding entry into typings cache: 'debug' => 'C:/Users/Fernando/AppData/Local/Microsoft/TypeScript/4.5/node_modules/@types/debug/index.d.ts'
[19:30:10.169] Adding entry into typings cache: 'decode-uri-component' => 'C:/Users/Fernando/AppData/Local/Microsoft/TypeScript/4.5/node_modules/@types/decode-uri-component/index.d.ts'
[19:30:10.170] Adding entry into typings cache: 'dedent' => 'C:/Users/Fernando/AppData/Local/Microsoft/TypeScript/4.5/node_modules/@types/dedent/index.d.ts'
[19:30:10.172] Adding entry into typings cache: 'deep-equal' => 'C:/Users/Fernando/AppData/Local/Microsoft/TypeScript/4.5/node_modules/@types/deep-equal/index.d.ts'
[19:30:10.173] Adding entry into typings cache: 'deep-extend' => 'C:/Users/Fernando/AppData/Local/Microsoft/TypeScript/4.5/node_modules/@types/deep-extend/index.d.ts'
[19:30:10.176] Adding entry into typings cache: 'default-gateway' => 'C:/Users/Fernando/AppData/Local/Microsoft/TypeScript/4.5/node_modules/@types/default-gateway/index.d.ts'
[19:30:10.178] Adding entry into typings cache: 'defaults' => 'C:/Users/Fernando/AppData/Local/Microsoft/TypeScript/4.5/node_modules/@types/defaults/index.d.ts'
[19:30:10.180] Adding entry into typings cache: 'define-properties' => 'C:/Users/Fernando/AppData/Local/Microsoft/TypeScript/4.5/node_modules/@types/define-properties/index.d.ts'
[19:30:10.182] Adding entry into typings cache: 'depd' => 'C:/Users/Fernando/AppData/Local/Microsoft/TypeScript/4.5/node_modules/@types/depd/index.d.ts'
[19:30:10.185] Adding entry into typings cache: 'destroy' => 'C:/Users/Fernando/AppData/Local/Microsoft/TypeScript/4.5/node_modules/@types/destroy/index.d.ts'
[19:30:10.186] Adding entry into typings cache: 'detect-node' => 'C:/Users/Fernando/AppData/Local/Microsoft/TypeScript/4.5/node_modules/@types/detect-node/index.d.ts'
[19:30:10.187] Adding entry into typings cache: 'di' => 'C:/Users/Fernando/AppData/Local/Microsoft/TypeScript/4.5/node_modules/@types/di/index.d.ts'
[19:30:10.189] Adding entry into typings cache: 'dir-glob' => 'C:/Users/Fernando/AppData/Local/Microsoft/TypeScript/4.5/node_modules/@types/dir-glob/index.d.ts'
[19:30:10.191] Adding entry into typings cache: 'dns-packet' => 'C:/Users/Fernando/AppData/Local/Microsoft/TypeScript/4.5/node_modules/@types/dns-packet/index.d.ts'
[19:30:10.193] Adding entry into typings cache: 'domexception' => 'C:/Users/Fernando/AppData/Local/Microsoft/TypeScript/4.5/node_modules/@types/domexception/index.d.ts'
[19:30:10.195] Adding entry into typings cache: 'dottie' => 'C:/Users/Fernando/AppData/Local/Microsoft/TypeScript/4.5/node_modules/@types/dottie/index.d.ts'
[19:30:10.197] Adding entry into typings cache: 'duplexer3' => 'C:/Users/Fernando/AppData/Local/Microsoft/TypeScript/4.5/node_modules/@types/duplexer3/index.d.ts'
[19:30:10.198] Adding entry into typings cache: 'duplexify' => 'C:/Users/Fernando/AppData/Local/Microsoft/TypeScript/4.5/node_modules/@types/duplexify/index.d.ts'
[19:30:10.199] Adding entry into typings cache: 'ee-first' => 'C:/Users/Fernando/AppData/Local/Microsoft/TypeScript/4.5/node_modules/@types/ee-first/index.d.ts'
[19:30:10.200] Adding entry into typings cache: 'ejs' => 'C:/Users/Fernando/AppData/Local/Microsoft/TypeScript/4.5/node_modules/@types/ejs/index.d.ts'
[19:30:10.202] Adding entry into typings cache: 'encodeurl' => 'C:/Users/Fernando/AppData/Local/Microsoft/TypeScript/4.5/node_modules/@types/encodeurl/index.d.ts'
[19:30:10.203] Adding entry into typings cache: 'end-of-stream' => 'C:/Users/Fernando/AppData/Local/Microsoft/TypeScript/4.5/node_modules/@types/end-of-stream/index.d.ts'
[19:30:10.205] Adding entry into typings cache: 'ent' => 'C:/Users/Fernando/AppData/Local/Microsoft/TypeScript/4.5/node_modules/@types/ent/index.d.ts'
[19:30:10.207] Adding entry into typings cache: 'escape-html' => 'C:/Users/Fernando/AppData/Local/Microsoft/TypeScript/4.5/node_modules/@types/escape-html/index.d.ts'
[19:30:10.209] Adding entry into typings cache: 'escodegen' => 'C:/Users/Fernando/AppData/Local/Microsoft/TypeScript/4.5/node_modules/@types/escodegen/index.d.ts'
[19:30:10.212] Adding entry into typings cache: 'eslint-scope' => 'C:/Users/Fernando/AppData/Local/Microsoft/TypeScript/4.5/node_modules/@types/eslint-scope/index.d.ts'
[19:30:10.213] Adding entry into typings cache: 'esprima' => 'C:/Users/Fernando/AppData/Local/Microsoft/TypeScript/4.5/node_modules/@types/esprima/index.d.ts'
[19:30:10.216] Adding entry into typings cache: 'estraverse' => 'C:/Users/Fernando/AppData/Local/Microsoft/TypeScript/4.5/node_modules/@types/estraverse/index.d.ts'
[19:30:10.219] Adding entry into typings cache: 'esutils' => 'C:/Users/Fernando/AppData/Local/Microsoft/TypeScript/4.5/node_modules/@types/esutils/index.d.ts'
[19:30:10.220] Adding entry into typings cache: 'etag' => 'C:/Users/Fernando/AppData/Local/Microsoft/TypeScript/4.5/node_modules/@types/etag/index.d.ts'
[19:30:10.223] Adding entry into typings cache: 'events' => 'C:/Users/Fernando/AppData/Local/Microsoft/TypeScript/4.5/node_modules/@types/events/index.d.ts'
[19:30:10.224] Adding entry into typings cache: 'exit' => 'C:/Users/Fernando/AppData/Local/Microsoft/TypeScript/4.5/node_modules/@types/exit/index.d.ts'
[19:30:10.226] Adding entry into typings cache: 'express' => 'C:/Users/Fernando/AppData/Local/Microsoft/TypeScript/4.5/node_modules/@types/express/index.d.ts'
[19:30:10.227] Adding entry into typings cache: 'extend' => 'C:/Users/Fernando/AppData/Local/Microsoft/TypeScript/4.5/node_modules/@types/extend/index.d.ts'
[19:30:10.229] Adding entry into typings cache: 'fast-levenshtein' => 'C:/Users/Fernando/AppData/Local/Microsoft/TypeScript/4.5/node_modules/@types/fast-levenshtein/index.d.ts'
[19:30:10.230] Adding entry into typings cache: 'fast-redact' => 'C:/Users/Fernando/AppData/Local/Microsoft/TypeScript/4.5/node_modules/@types/fast-redact/index.d.ts'
[19:30:10.235] Adding entry into typings cache: 'fb-watchman' => 'C:/Users/Fernando/AppData/Local/Microsoft/TypeScript/4.5/node_modules/@types/fb-watchman/index.d.ts'
[19:30:10.237] Adding entry into typings cache: 'fill-range' => 'C:/Users/Fernando/AppData/Local/Microsoft/TypeScript/4.5/node_modules/@types/fill-range/index.d.ts'
[19:30:10.239] Adding entry into typings cache: 'finalhandler' => 'C:/Users/Fernando/AppData/Local/Microsoft/TypeScript/4.5/node_modules/@types/finalhandler/index.d.ts'
[19:30:10.240] Adding entry into typings cache: 'find-cache-dir' => 'C:/Users/Fernando/AppData/Local/Microsoft/TypeScript/4.5/node_modules/@types/find-cache-dir/index.d.ts'
[19:30:10.243] Adding entry into typings cache: 'follow-redirects' => 'C:/Users/Fernando/AppData/Local/Microsoft/TypeScript/4.5/node_modules/@types/follow-redirects/index.d.ts'
[19:30:10.246] Adding entry into typings cache: 'formidable' => 'C:/Users/Fernando/AppData/Local/Microsoft/TypeScript/4.5/node_modules/@types/formidable/index.d.ts'
[19:30:10.248] Adding entry into typings cache: 'forwarded' => 'C:/Users/Fernando/AppData/Local/Microsoft/TypeScript/4.5/node_modules/@types/forwarded/index.d.ts'
[19:30:10.250] Adding entry into typings cache: 'fresh' => 'C:/Users/Fernando/AppData/Local/Microsoft/TypeScript/4.5/node_modules/@types/fresh/index.d.ts'
[19:30:10.255] Adding entry into typings cache: 'fs-extra' => 'C:/Users/Fernando/AppData/Local/Microsoft/TypeScript/4.5/node_modules/@types/fs-extra/index.d.ts'
[19:30:10.258] Adding entry into typings cache: 'function-bind' => 'C:/Users/Fernando/AppData/Local/Microsoft/TypeScript/4.5/node_modules/@types/function-bind/index.d.ts'
[19:30:10.260] Adding entry into typings cache: 'get-intrinsic' => 'C:/Users/Fernando/AppData/Local/Microsoft/TypeScript/4.5/node_modules/@types/get-intrinsic/index.d.ts'
[19:30:10.263] Adding entry into typings cache: 'get-value' => 'C:/Users/Fernando/AppData/Local/Microsoft/TypeScript/4.5/node_modules/@types/get-value/index.d.ts'
[19:30:10.264] Adding entry into typings cache: 'glob' => 'C:/Users/Fernando/AppData/Local/Microsoft/TypeScript/4.5/node_modules/@types/glob/index.d.ts'
[19:30:10.266] Adding entry into typings cache: 'glob-parent' => 'C:/Users/Fernando/AppData/Local/Microsoft/TypeScript/4.5/node_modules/@types/glob-parent/index.d.ts'
[19:30:10.268] Adding entry into typings cache: 'glob-stream' => 'C:/Users/Fernando/AppData/Local/Microsoft/TypeScript/4.5/node_modules/@types/glob-stream/index.d.ts'
[19:30:10.271] Adding entry into typings cache: 'glob-to-regexp' => 'C:/Users/Fernando/AppData/Local/Microsoft/TypeScript/4.5/node_modules/@types/glob-to-regexp/index.d.ts'
[19:30:10.274] Adding entry into typings cache: 'got' => 'C:/Users/Fernando/AppData/Local/Microsoft/TypeScript/4.5/node_modules/@types/got/index.d.ts'
[19:30:10.283] Adding entry into typings cache: 'graceful-fs' => 'C:/Users/Fernando/AppData/Local/Microsoft/TypeScript/4.5/node_modules/@types/graceful-fs/index.d.ts'
[19:30:10.285] Adding entry into typings cache: 'has' => 'C:/Users/Fernando/AppData/Local/Microsoft/TypeScript/4.5/node_modules/@types/has/index.d.ts'
[19:30:10.287] Adding entry into typings cache: 'has-symbols' => 'C:/Users/Fernando/AppData/Local/Microsoft/TypeScript/4.5/node_modules/@types/has-symbols/index.d.ts'
[19:30:10.288] Adding entry into typings cache: 'hosted-git-info' => 'C:/Users/Fernando/AppData/Local/Microsoft/TypeScript/4.5/node_modules/@types/hosted-git-info/index.d.ts'
[19:30:10.290] Adding entry into typings cache: 'html-encoding-sniffer' => 'C:/Users/Fernando/AppData/Local/Microsoft/TypeScript/4.5/node_modules/@types/html-encoding-sniffer/index.d.ts'
[19:30:10.292] Adding entry into typings cache: 'html-escaper' => 'C:/Users/Fernando/AppData/Local/Microsoft/TypeScript/4.5/node_modules/@types/html-escaper/index.d.ts'
[19:30:10.294] Adding entry into typings cache: 'http-cache-semantics' => 'C:/Users/Fernando/AppData/Local/Microsoft/TypeScript/4.5/node_modules/@types/http-cache-semantics/index.d.ts'
[19:30:10.295] Adding entry into typings cache: 'http-errors' => 'C:/Users/Fernando/AppData/Local/Microsoft/TypeScript/4.5/node_modules/@types/http-errors/index.d.ts'
[19:30:10.297] Adding entry into typings cache: 'http-proxy' => 'C:/Users/Fernando/AppData/Local/Microsoft/TypeScript/4.5/node_modules/@types/http-proxy/index.d.ts'
[19:30:10.298] Adding entry into typings cache: 'humanize-ms' => 'C:/Users/Fernando/AppData/Local/Microsoft/TypeScript/4.5/node_modules/@types/humanize-ms/index.d.ts'
[19:30:10.299] Adding entry into typings cache: 'icss-utils' => 'C:/Users/Fernando/AppData/Local/Microsoft/TypeScript/4.5/node_modules/@types/icss-utils/index.d.ts'
[19:30:10.300] Adding entry into typings cache: 'ignore-walk' => 'C:/Users/Fernando/AppData/Local/Microsoft/TypeScript/4.5/node_modules/@types/ignore-walk/index.d.ts'
[19:30:10.302] Adding entry into typings cache: 'imurmurhash' => 'C:/Users/Fernando/AppData/Local/Microsoft/TypeScript/4.5/node_modules/@types/imurmurhash/index.d.ts'
[19:30:10.303] Adding entry into typings cache: 'inflection' => 'C:/Users/Fernando/AppData/Local/Microsoft/TypeScript/4.5/node_modules/@types/inflection/index.d.ts'
[19:30:10.304] Adding entry into typings cache: 'inherits' => 'C:/Users/Fernando/AppData/Local/Microsoft/TypeScript/4.5/node_modules/@types/inherits/index.d.ts'
[19:30:10.305] Adding entry into typings cache: 'ini' => 'C:/Users/Fernando/AppData/Local/Microsoft/TypeScript/4.5/node_modules/@types/ini/index.d.ts'
[19:30:10.307] Adding entry into typings cache: 'inquirer' => 'C:/Users/Fernando/AppData/Local/Microsoft/TypeScript/4.5/node_modules/@types/inquirer/index.d.ts'
[19:30:10.308] Adding entry into typings cache: 'ip' => 'C:/Users/Fernando/AppData/Local/Microsoft/TypeScript/4.5/node_modules/@types/ip/index.d.ts'
[19:30:10.309] Adding entry into typings cache: 'is-absolute' => 'C:/Users/Fernando/AppData/Local/Microsoft/TypeScript/4.5/node_modules/@types/is-absolute/index.d.ts'
[19:30:10.311] Adding entry into typings cache: 'is-arguments' => 'C:/Users/Fernando/AppData/Local/Microsoft/TypeScript/4.5/node_modules/@types/is-arguments/index.d.ts'
[19:30:10.312] Adding entry into typings cache: 'is-buffer' => 'C:/Users/Fernando/AppData/Local/Microsoft/TypeScript/4.5/node_modules/@types/is-buffer/index.d.ts'
[19:30:10.313] Adding entry into typings cache: 'is-ci' => 'C:/Users/Fernando/AppData/Local/Microsoft/TypeScript/4.5/node_modules/@types/is-ci/index.d.ts'
[19:30:10.314] Adding entry into typings cache: 'is-core-module' => 'C:/Users/Fernando/AppData/Local/Microsoft/TypeScript/4.5/node_modules/@types/is-core-module/index.d.ts'
[19:30:10.318] Adding entry into typings cache: 'is-data-descriptor' => 'C:/Users/Fernando/AppData/Local/Microsoft/TypeScript/4.5/node_modules/@types/is-data-descriptor/index.d.ts'
[19:30:10.320] Adding entry into typings cache: 'is-date-object' => 'C:/Users/Fernando/AppData/Local/Microsoft/TypeScript/4.5/node_modules/@types/is-date-object/index.d.ts'
[19:30:10.321] Adding entry into typings cache: 'is-finite' => 'C:/Users/Fernando/AppData/Local/Microsoft/TypeScript/4.5/node_modules/@types/is-finite/index.d.ts'
[19:30:10.323] Adding entry into typings cache: 'is-glob' => 'C:/Users/Fernando/AppData/Local/Microsoft/TypeScript/4.5/node_modules/@types/is-glob/index.d.ts'
[19:30:10.324] Adding entry into typings cache: 'is-negated-glob' => 'C:/Users/Fernando/AppData/Local/Microsoft/TypeScript/4.5/node_modules/@types/is-negated-glob/index.d.ts'
[19:30:10.326] Adding entry into typings cache: 'is-number' => 'C:/Users/Fernando/AppData/Local/Microsoft/TypeScript/4.5/node_modules/@types/is-number/index.d.ts'
[19:30:10.327] Adding entry into typings cache: 'is-regex' => 'C:/Users/Fernando/AppData/Local/Microsoft/TypeScript/4.5/node_modules/@types/is-regex/index.d.ts'
[19:30:10.329] Adding entry into typings cache: 'is-relative' => 'C:/Users/Fernando/AppData/Local/Microsoft/TypeScript/4.5/node_modules/@types/is-relative/index.d.ts'
[19:30:10.330] Adding entry into typings cache: 'is-typedarray' => 'C:/Users/Fernando/AppData/Local/Microsoft/TypeScript/4.5/node_modules/@types/is-typedarray/index.d.ts'
[19:30:10.331] Adding entry into typings cache: 'is-unc-path' => 'C:/Users/Fernando/AppData/Local/Microsoft/TypeScript/4.5/node_modules/@types/is-unc-path/index.d.ts'
[19:30:10.333] Adding entry into typings cache: 'is-windows' => 'C:/Users/Fernando/AppData/Local/Microsoft/TypeScript/4.5/node_modules/@types/is-windows/index.d.ts'
[19:30:10.335] Adding entry into typings cache: 'isarray' => 'C:/Users/Fernando/AppData/Local/Microsoft/TypeScript/4.5/node_modules/@types/isarray/index.d.ts'
[19:30:10.337] Adding entry into typings cache: 'isexe' => 'C:/Users/Fernando/AppData/Local/Microsoft/TypeScript/4.5/node_modules/@types/isexe/index.d.ts'
[19:30:10.339] Adding entry into typings cache: 'istanbul-lib-coverage' => 'C:/Users/Fernando/AppData/Local/Microsoft/TypeScript/4.5/node_modules/@types/istanbul-lib-coverage/index.d.ts'
[19:30:10.340] Adding entry into typings cache: 'istanbul-lib-instrument' => 'C:/Users/Fernando/AppData/Local/Microsoft/TypeScript/4.5/node_modules/@types/istanbul-lib-instrument/index.d.ts'
[19:30:10.341] Adding entry into typings cache: 'istanbul-lib-report' => 'C:/Users/Fernando/AppData/Local/Microsoft/TypeScript/4.5/node_modules/@types/istanbul-lib-report/index.d.ts'
[19:30:10.343] Adding entry into typings cache: 'istanbul-lib-source-maps' => 'C:/Users/Fernando/AppData/Local/Microsoft/TypeScript/4.5/node_modules/@types/istanbul-lib-source-maps/index.d.ts'
[19:30:10.345] Adding entry into typings cache: 'istanbul-reports' => 'C:/Users/Fernando/AppData/Local/Microsoft/TypeScript/4.5/node_modules/@types/istanbul-reports/index.d.ts'
[19:30:10.347] Adding entry into typings cache: 'js-yaml' => 'C:/Users/Fernando/AppData/Local/Microsoft/TypeScript/4.5/node_modules/@types/js-yaml/index.d.ts'
[19:30:10.348] Adding entry into typings cache: 'jsdom' => 'C:/Users/Fernando/AppData/Local/Microsoft/TypeScript/4.5/node_modules/@types/jsdom/index.d.ts'
[19:30:10.349] Adding entry into typings cache: 'jsesc' => 'C:/Users/Fernando/AppData/Local/Microsoft/TypeScript/4.5/node_modules/@types/jsesc/index.d.ts'
[19:30:10.350] Adding entry into typings cache: 'json-buffer' => 'C:/Users/Fernando/AppData/Local/Microsoft/TypeScript/4.5/node_modules/@types/json-buffer/index.d.ts'
[19:30:10.352] Adding entry into typings cache: 'json-parse-better-errors' => 'C:/Users/Fernando/AppData/Local/Microsoft/TypeScript/4.5/node_modules/@types/json-parse-better-errors/index.d.ts'
[19:30:10.354] Adding entry into typings cache: 'jsonfile' => 'C:/Users/Fernando/AppData/Local/Microsoft/TypeScript/4.5/node_modules/@types/jsonfile/index.d.ts'
[19:30:10.356] Adding entry into typings cache: 'karma' => 'C:/Users/Fernando/AppData/Local/Microsoft/TypeScript/4.5/node_modules/@types/karma/index.d.ts'
[19:30:10.357] Adding entry into typings cache: 'karma-chrome-launcher' => 'C:/Users/Fernando/AppData/Local/Microsoft/TypeScript/4.5/node_modules/@types/karma-chrome-launcher/index.d.ts'
[19:30:10.360] Adding entry into typings cache: 'karma-coverage' => 'C:/Users/Fernando/AppData/Local/Microsoft/TypeScript/4.5/node_modules/@types/karma-coverage/index.d.ts'
[19:30:10.361] Adding entry into typings cache: 'karma-jasmine' => 'C:/Users/Fernando/AppData/Local/Microsoft/TypeScript/4.5/node_modules/@types/karma-jasmine/index.d.ts'
[19:30:10.363] Adding entry into typings cache: 'karma-jasmine-html-reporter' => 'C:/Users/Fernando/AppData/Local/Microsoft/TypeScript/4.5/node_modules/@types/karma-jasmine-html-reporter/index.d.ts'
[19:30:10.364] Adding entry into typings cache: 'keyv' => 'C:/Users/Fernando/AppData/Local/Microsoft/TypeScript/4.5/node_modules/@types/keyv/index.d.ts'
[19:30:10.367] Adding entry into typings cache: 'kind-of' => 'C:/Users/Fernando/AppData/Local/Microsoft/TypeScript/4.5/node_modules/@types/kind-of/index.d.ts'
[19:30:10.368] Adding entry into typings cache: 'less' => 'C:/Users/Fernando/AppData/Local/Microsoft/TypeScript/4.5/node_modules/@types/less/index.d.ts'
[19:30:10.370] Adding entry into typings cache: 'loader-runner' => 'C:/Users/Fernando/AppData/Local/Microsoft/TypeScript/4.5/node_modules/@types/loader-runner/index.d.ts'
[19:30:10.371] Adding entry into typings cache: 'loader-utils' => 'C:/Users/Fernando/AppData/Local/Microsoft/TypeScript/4.5/node_modules/@types/loader-utils/index.d.ts'
[19:30:10.373] Adding entry into typings cache: 'lodash' => 'C:/Users/Fernando/AppData/Local/Microsoft/TypeScript/4.5/node_modules/@types/lodash/index.d.ts'
[19:30:10.376] Adding entry into typings cache: 'lodash.debounce' => 'C:/Users/Fernando/AppData/Local/Microsoft/TypeScript/4.5/node_modules/@types/lodash.debounce/index.d.ts'
[19:30:10.378] Adding entry into typings cache: 'lru-cache' => 'C:/Users/Fernando/AppData/Local/Microsoft/TypeScript/4.5/node_modules/@types/lru-cache/index.d.ts'
[19:30:10.380] Adding entry into typings cache: 'make-fetch-happen' => 'C:/Users/Fernando/AppData/Local/Microsoft/TypeScript/4.5/node_modules/@types/make-fetch-happen/index.d.ts'
[19:30:10.381] Adding entry into typings cache: 'media-typer' => 'C:/Users/Fernando/AppData/Local/Microsoft/TypeScript/4.5/node_modules/@types/media-typer/index.d.ts'
[19:30:10.383] Adding entry into typings cache: 'merge-descriptors' => 'C:/Users/Fernando/AppData/Local/Microsoft/TypeScript/4.5/node_modules/@types/merge-descriptors/index.d.ts'
[19:30:10.384] Adding entry into typings cache: 'merge-stream' => 'C:/Users/Fernando/AppData/Local/Microsoft/TypeScript/4.5/node_modules/@types/merge-stream/index.d.ts'
[19:30:10.385] Adding entry into typings cache: 'merge2' => 'C:/Users/Fernando/AppData/Local/Microsoft/TypeScript/4.5/node_modules/@types/merge2/index.d.ts'
[19:30:10.386] Adding entry into typings cache: 'methods' => 'C:/Users/Fernando/AppData/Local/Microsoft/TypeScript/4.5/node_modules/@types/methods/index.d.ts'
[19:30:10.388] Adding entry into typings cache: 'micromatch' => 'C:/Users/Fernando/AppData/Local/Microsoft/TypeScript/4.5/node_modules/@types/micromatch/index.d.ts'
[19:30:10.389] Adding entry into typings cache: 'mime' => 'C:/Users/Fernando/AppData/Local/Microsoft/TypeScript/4.5/node_modules/@types/mime/index.d.ts'
[19:30:10.391] Adding entry into typings cache: 'mime-db' => 'C:/Users/Fernando/AppData/Local/Microsoft/TypeScript/4.5/node_modules/@types/mime-db/index.d.ts'
[19:30:10.392] Adding entry into typings cache: 'mime-types' => 'C:/Users/Fernando/AppData/Local/Microsoft/TypeScript/4.5/node_modules/@types/mime-types/index.d.ts'
[19:30:10.393] Adding entry into typings cache: 'mini-css-extract-plugin' => 'C:/Users/Fernando/AppData/Local/Microsoft/TypeScript/4.5/node_modules/@types/mini-css-extract-plugin/index.d.ts'
[19:30:10.394] Adding entry into typings cache: 'minimalistic-assert' => 'C:/Users/Fernando/AppData/Local/Microsoft/TypeScript/4.5/node_modules/@types/minimalistic-assert/index.d.ts'
[19:30:10.395] Adding entry into typings cache: 'minimatch' => 'C:/Users/Fernando/AppData/Local/Microsoft/TypeScript/4.5/node_modules/@types/minimatch/index.d.ts'
[19:30:10.397] Adding entry into typings cache: 'minimist' => 'C:/Users/Fernando/AppData/Local/Microsoft/TypeScript/4.5/node_modules/@types/minimist/index.d.ts'
[19:30:10.398] Adding entry into typings cache: 'minipass' => 'C:/Users/Fernando/AppData/Local/Microsoft/TypeScript/4.5/node_modules/@types/minipass/index.d.ts'
[19:30:10.399] Adding entry into typings cache: 'minizlib' => 'C:/Users/Fernando/AppData/Local/Microsoft/TypeScript/4.5/node_modules/@types/minizlib/index.d.ts'
[19:30:10.400] Adding entry into typings cache: 'mkdirp' => 'C:/Users/Fernando/AppData/Local/Microsoft/TypeScript/4.5/node_modules/@types/mkdirp/index.d.ts'
[19:30:10.402] Adding entry into typings cache: 'ms' => 'C:/Users/Fernando/AppData/Local/Microsoft/TypeScript/4.5/node_modules/@types/ms/index.d.ts'
[19:30:10.403] Adding entry into typings cache: 'multicast-dns' => 'C:/Users/Fernando/AppData/Local/Microsoft/TypeScript/4.5/node_modules/@types/multicast-dns/index.d.ts'
[19:30:10.404] Adding entry into typings cache: 'mute-stream' => 'C:/Users/Fernando/AppData/Local/Microsoft/TypeScript/4.5/node_modules/@types/mute-stream/index.d.ts'
[19:30:10.405] Adding entry into typings cache: 'natural-compare' => 'C:/Users/Fernando/AppData/Local/Microsoft/TypeScript/4.5/node_modules/@types/natural-compare/index.d.ts'
[19:30:10.408] Adding entry into typings cache: 'needle' => 'C:/Users/Fernando/AppData/Local/Microsoft/TypeScript/4.5/node_modules/@types/needle/index.d.ts'
[19:30:10.410] Adding entry into typings cache: 'negotiator' => 'C:/Users/Fernando/AppData/Local/Microsoft/TypeScript/4.5/node_modules/@types/negotiator/index.d.ts'
[19:30:10.412] Adding entry into typings cache: 'node-forge' => 'C:/Users/Fernando/AppData/Local/Microsoft/TypeScript/4.5/node_modules/@types/node-forge/index.d.ts'
[19:30:10.414] Adding entry into typings cache: 'node-int64' => 'C:/Users/Fernando/AppData/Local/Microsoft/TypeScript/4.5/node_modules/@types/node-int64/index.d.ts'
[19:30:10.415] Adding entry into typings cache: 'nodemon' => 'C:/Users/Fernando/AppData/Local/Microsoft/TypeScript/4.5/node_modules/@types/nodemon/index.d.ts'
[19:30:10.416] Adding entry into typings cache: 'nopt' => 'C:/Users/Fernando/AppData/Local/Microsoft/TypeScript/4.5/node_modules/@types/nopt/index.d.ts'
[19:30:10.417] Adding entry into typings cache: 'normalize-package-data' => 'C:/Users/Fernando/AppData/Local/Microsoft/TypeScript/4.5/node_modules/@types/normalize-package-data/index.d.ts'
[19:30:10.419] Adding entry into typings cache: 'normalize-path' => 'C:/Users/Fernando/AppData/Local/Microsoft/TypeScript/4.5/node_modules/@types/normalize-path/index.d.ts'
[19:30:10.420] Adding entry into typings cache: 'npm-package-arg' => 'C:/Users/Fernando/AppData/Local/Microsoft/TypeScript/4.5/node_modules/@types/npm-package-arg/index.d.ts'
[19:30:10.422] Adding entry into typings cache: 'npm-packlist' => 'C:/Users/Fernando/AppData/Local/Microsoft/TypeScript/4.5/node_modules/@types/npm-packlist/index.d.ts'
[19:30:10.423] Adding entry into typings cache: 'npm-registry-fetch' => 'C:/Users/Fernando/AppData/Local/Microsoft/TypeScript/4.5/node_modules/@types/npm-registry-fetch/index.d.ts'
[19:30:10.424] Adding entry into typings cache: 'npmlog' => 'C:/Users/Fernando/AppData/Local/Microsoft/TypeScript/4.5/node_modules/@types/npmlog/index.d.ts'
[19:30:10.426] Adding entry into typings cache: 'num2fraction' => 'C:/Users/Fernando/AppData/Local/Microsoft/TypeScript/4.5/node_modules/@types/num2fraction/index.d.ts'
[19:30:10.428] Adding entry into typings cache: 'nwsapi' => 'C:/Users/Fernando/AppData/Local/Microsoft/TypeScript/4.5/node_modules/@types/nwsapi/index.d.ts'
[19:30:10.429] Adding entry into typings cache: 'object-assign' => 'C:/Users/Fernando/AppData/Local/Microsoft/TypeScript/4.5/node_modules/@types/object-assign/index.d.ts'
[19:30:10.430] Adding entry into typings cache: 'object-keys' => 'C:/Users/Fernando/AppData/Local/Microsoft/TypeScript/4.5/node_modules/@types/object-keys/index.d.ts'
[19:30:10.432] Adding entry into typings cache: 'object.pick' => 'C:/Users/Fernando/AppData/Local/Microsoft/TypeScript/4.5/node_modules/@types/object.pick/index.d.ts'
[19:30:10.433] Adding entry into typings cache: 'on-finished' => 'C:/Users/Fernando/AppData/Local/Microsoft/TypeScript/4.5/node_modules/@types/on-finished/index.d.ts'
[19:30:10.435] Adding entry into typings cache: 'on-headers' => 'C:/Users/Fernando/AppData/Local/Microsoft/TypeScript/4.5/node_modules/@types/on-headers/index.d.ts'
[19:30:10.436] Adding entry into typings cache: 'once' => 'C:/Users/Fernando/AppData/Local/Microsoft/TypeScript/4.5/node_modules/@types/once/index.d.ts'
[19:30:10.437] Adding entry into typings cache: 'os-tmpdir' => 'C:/Users/Fernando/AppData/Local/Microsoft/TypeScript/4.5/node_modules/@types/os-tmpdir/index.d.ts'
[19:30:10.438] Adding entry into typings cache: 'pacote' => 'C:/Users/Fernando/AppData/Local/Microsoft/TypeScript/4.5/node_modules/@types/pacote/index.d.ts'
[19:30:10.439] Adding entry into typings cache: 'pad-left' => 'C:/Users/Fernando/AppData/Local/Microsoft/TypeScript/4.5/node_modules/@types/pad-left/index.d.ts'
[19:30:10.440] Adding entry into typings cache: 'pako' => 'C:/Users/Fernando/AppData/Local/Microsoft/TypeScript/4.5/node_modules/@types/pako/index.d.ts'
[19:30:10.440] Adding entry into typings cache: 'parse-json' => 'C:/Users/Fernando/AppData/Local/Microsoft/TypeScript/4.5/node_modules/@types/parse-json/index.d.ts'
[19:30:10.441] Adding entry into typings cache: 'parse-node-version' => 'C:/Users/Fernando/AppData/Local/Microsoft/TypeScript/4.5/node_modules/@types/parse-node-version/index.d.ts'
[19:30:10.442] Adding entry into typings cache: 'parse5' => 'C:/Users/Fernando/AppData/Local/Microsoft/TypeScript/4.5/node_modules/@types/parse5/index.d.ts'
[19:30:10.444] Adding entry into typings cache: 'parse5-html-rewriting-stream' => 'C:/Users/Fernando/AppData/Local/Microsoft/TypeScript/4.5/node_modules/@types/parse5-html-rewriting-stream/index.d.ts'
[19:30:10.446] Adding entry into typings cache: 'parse5-htmlparser2-tree-adapter' => 'C:/Users/Fernando/AppData/Local/Microsoft/TypeScript/4.5/node_modules/@types/parse5-htmlparser2-tree-adapter/index.d.ts'
[19:30:10.447] Adding entry into typings cache: 'parse5-sax-parser' => 'C:/Users/Fernando/AppData/Local/Microsoft/TypeScript/4.5/node_modules/@types/parse5-sax-parser/index.d.ts'
[19:30:10.448] Adding entry into typings cache: 'parseurl' => 'C:/Users/Fernando/AppData/Local/Microsoft/TypeScript/4.5/node_modules/@types/parseurl/index.d.ts'
[19:30:10.451] Adding entry into typings cache: 'pascalcase' => 'C:/Users/Fernando/AppData/Local/Microsoft/TypeScript/4.5/node_modules/@types/pascalcase/index.d.ts'
[19:30:10.453] Adding entry into typings cache: 'path-is-absolute' => 'C:/Users/Fernando/AppData/Local/Microsoft/TypeScript/4.5/node_modules/@types/path-is-absolute/index.d.ts'
[19:30:10.454] Adding entry into typings cache: 'path-parse' => 'C:/Users/Fernando/AppData/Local/Microsoft/TypeScript/4.5/node_modules/@types/path-parse/index.d.ts'
[19:30:10.455] Adding entry into typings cache: 'pg' => 'C:/Users/Fernando/AppData/Local/Microsoft/TypeScript/4.5/node_modules/@types/pg/index.d.ts'
[19:30:10.456] Adding entry into typings cache: 'pg-pool' => 'C:/Users/Fernando/AppData/Local/Microsoft/TypeScript/4.5/node_modules/@types/pg-pool/index.d.ts'
[19:30:10.458] Adding entry into typings cache: 'picomatch' => 'C:/Users/Fernando/AppData/Local/Microsoft/TypeScript/4.5/node_modules/@types/picomatch/index.d.ts'
[19:30:10.461] Adding entry into typings cache: 'pify' => 'C:/Users/Fernando/AppData/Local/Microsoft/TypeScript/4.5/node_modules/@types/pify/index.d.ts'
[19:30:10.463] Adding entry into typings cache: 'pino-std-serializers' => 'C:/Users/Fernando/AppData/Local/Microsoft/TypeScript/4.5/node_modules/@types/pino-std-serializers/index.d.ts'
[19:30:10.465] Adding entry into typings cache: 'postcss-gap-properties' => 'C:/Users/Fernando/AppData/Local/Microsoft/TypeScript/4.5/node_modules/@types/postcss-gap-properties/index.d.ts'
[19:30:10.467] Adding entry into typings cache: 'postcss-import' => 'C:/Users/Fernando/AppData/Local/Microsoft/TypeScript/4.5/node_modules/@types/postcss-import/index.d.ts'
[19:30:10.469] Adding entry into typings cache: 'postcss-modules-extract-imports' => 'C:/Users/Fernando/AppData/Local/Microsoft/TypeScript/4.5/node_modules/@types/postcss-modules-extract-imports/index.d.ts'
[19:30:10.471] Adding entry into typings cache: 'postcss-modules-local-by-default' => 'C:/Users/Fernando/AppData/Local/Microsoft/TypeScript/4.5/node_modules/@types/postcss-modules-local-by-default/index.d.ts'
[19:30:10.472] Adding entry into typings cache: 'postcss-modules-scope' => 'C:/Users/Fernando/AppData/Local/Microsoft/TypeScript/4.5/node_modules/@types/postcss-modules-scope/index.d.ts'
[19:30:10.474] Adding entry into typings cache: 'postcss-modules-values' => 'C:/Users/Fernando/AppData/Local/Microsoft/TypeScript/4.5/node_modules/@types/postcss-modules-values/index.d.ts'
[19:30:10.476] Adding entry into typings cache: 'postcss-preset-env' => 'C:/Users/Fernando/AppData/Local/Microsoft/TypeScript/4.5/node_modules/@types/postcss-preset-env/index.d.ts'
[19:30:10.477] Adding entry into typings cache: 'prelude-ls' => 'C:/Users/Fernando/AppData/Local/Microsoft/TypeScript/4.5/node_modules/@types/prelude-ls/index.d.ts'
[19:30:10.479] Adding entry into typings cache: 'promise-inflight' => 'C:/Users/Fernando/AppData/Local/Microsoft/TypeScript/4.5/node_modules/@types/promise-inflight/index.d.ts'
[19:30:10.481] Adding entry into typings cache: 'promise-retry' => 'C:/Users/Fernando/AppData/Local/Microsoft/TypeScript/4.5/node_modules/@types/promise-retry/index.d.ts'
[19:30:10.482] Adding entry into typings cache: 'prompts' => 'C:/Users/Fernando/AppData/Local/Microsoft/TypeScript/4.5/node_modules/@types/prompts/index.d.ts'
[19:30:10.483] Adding entry into typings cache: 'proxy-addr' => 'C:/Users/Fernando/AppData/Local/Microsoft/TypeScript/4.5/node_modules/@types/proxy-addr/index.d.ts'
[19:30:10.486] Adding entry into typings cache: 'psl' => 'C:/Users/Fernando/AppData/Local/Microsoft/TypeScript/4.5/node_modules/@types/psl/index.d.ts'
[19:30:10.487] Adding entry into typings cache: 'pump' => 'C:/Users/Fernando/AppData/Local/Microsoft/TypeScript/4.5/node_modules/@types/pump/index.d.ts'
[19:30:10.489] Adding entry into typings cache: 'pumpify' => 'C:/Users/Fernando/AppData/Local/Microsoft/TypeScript/4.5/node_modules/@types/pumpify/index.d.ts'
[19:30:10.493] Adding entry into typings cache: 'punycode' => 'C:/Users/Fernando/AppData/Local/Microsoft/TypeScript/4.5/node_modules/@types/punycode/index.d.ts'
[19:30:10.496] Adding entry into typings cache: 'qs' => 'C:/Users/Fernando/AppData/Local/Microsoft/TypeScript/4.5/node_modules/@types/qs/index.d.ts'
[19:30:10.498] Adding entry into typings cache: 'quick-format-unescaped' => 'C:/Users/Fernando/AppData/Local/Microsoft/TypeScript/4.5/node_modules/@types/quick-format-unescaped/index.d.ts'
[19:30:10.500] Adding entry into typings cache: 'randombytes' => 'C:/Users/Fernando/AppData/Local/Microsoft/TypeScript/4.5/node_modules/@types/randombytes/index.d.ts'
[19:30:10.501] Adding entry into typings cache: 'range-parser' => 'C:/Users/Fernando/AppData/Local/Microsoft/TypeScript/4.5/node_modules/@types/range-parser/index.d.ts'
[19:30:10.504] Adding entry into typings cache: 'rc' => 'C:/Users/Fernando/AppData/Local/Microsoft/TypeScript/4.5/node_modules/@types/rc/index.d.ts'
[19:30:10.505] Adding entry into typings cache: 'react-is' => 'C:/Users/Fernando/AppData/Local/Microsoft/TypeScript/4.5/node_modules/@types/react-is/index.d.ts'
[19:30:10.507] Adding entry into typings cache: 'readable-stream' => 'C:/Users/Fernando/AppData/Local/Microsoft/TypeScript/4.5/node_modules/@types/readable-stream/index.d.ts'
[19:30:10.508] Adding entry into typings cache: 'regenerate' => 'C:/Users/Fernando/AppData/Local/Microsoft/TypeScript/4.5/node_modules/@types/regenerate/index.d.ts'
[19:30:10.510] Adding entry into typings cache: 'regenerator-runtime' => 'C:/Users/Fernando/AppData/Local/Microsoft/TypeScript/4.5/node_modules/@types/regenerator-runtime/index.d.ts'
[19:30:10.512] Adding entry into typings cache: 'regex-not' => 'C:/Users/Fernando/AppData/Local/Microsoft/TypeScript/4.5/node_modules/@types/regex-not/index.d.ts'
[19:30:10.513] Adding entry into typings cache: 'registry-auth-token' => 'C:/Users/Fernando/AppData/Local/Microsoft/TypeScript/4.5/node_modules/@types/registry-auth-token/index.d.ts'
[19:30:10.514] Adding entry into typings cache: 'repeat-element' => 'C:/Users/Fernando/AppData/Local/Microsoft/TypeScript/4.5/node_modules/@types/repeat-element/index.d.ts'
[19:30:10.516] Adding entry into typings cache: 'repeat-string' => 'C:/Users/Fernando/AppData/Local/Microsoft/TypeScript/4.5/node_modules/@types/repeat-string/index.d.ts'
[19:30:10.517] Adding entry into typings cache: 'require-directory' => 'C:/Users/Fernando/AppData/Local/Microsoft/TypeScript/4.5/node_modules/@types/require-directory/index.d.ts'
[19:30:10.519] Adding entry into typings cache: 'require-from-string' => 'C:/Users/Fernando/AppData/Local/Microsoft/TypeScript/4.5/node_modules/@types/require-from-string/index.d.ts'
[19:30:10.521] Adding entry into typings cache: 'requires-port' => 'C:/Users/Fernando/AppData/Local/Microsoft/TypeScript/4.5/node_modules/@types/requires-port/index.d.ts'
[19:30:10.522] Adding entry into typings cache: 'resolve' => 'C:/Users/Fernando/AppData/Local/Microsoft/TypeScript/4.5/node_modules/@types/resolve/index.d.ts'
[19:30:10.523] Adding entry into typings cache: 'responselike' => 'C:/Users/Fernando/AppData/Local/Microsoft/TypeScript/4.5/node_modules/@types/responselike/index.d.ts'
[19:30:10.524] Adding entry into typings cache: 'retry' => 'C:/Users/Fernando/AppData/Local/Microsoft/TypeScript/4.5/node_modules/@types/retry/index.d.ts'
[19:30:10.525] Adding entry into typings cache: 'retry-as-promised' => 'C:/Users/Fernando/AppData/Local/Microsoft/TypeScript/4.5/node_modules/@types/retry-as-promised/index.d.ts'
[19:30:10.526] Adding entry into typings cache: 'rimraf' => 'C:/Users/Fernando/AppData/Local/Microsoft/TypeScript/4.5/node_modules/@types/rimraf/index.d.ts'
[19:30:10.527] Adding entry into typings cache: 'run-parallel' => 'C:/Users/Fernando/AppData/Local/Microsoft/TypeScript/4.5/node_modules/@types/run-parallel/index.d.ts'
[19:30:10.530] Adding entry into typings cache: 'safe-regex' => 'C:/Users/Fernando/AppData/Local/Microsoft/TypeScript/4.5/node_modules/@types/safe-regex/index.d.ts'
[19:30:10.531] Adding entry into typings cache: 'safer-buffer' => 'C:/Users/Fernando/AppData/Local/Microsoft/TypeScript/4.5/node_modules/@types/safer-buffer/index.d.ts'
[19:30:10.532] Adding entry into typings cache: 'sass' => 'C:/Users/Fernando/AppData/Local/Microsoft/TypeScript/4.5/node_modules/@types/sass/index.d.ts'
[19:30:10.533] Adding entry into typings cache: 'sass-loader' => 'C:/Users/Fernando/AppData/Local/Microsoft/TypeScript/4.5/node_modules/@types/sass-loader/index.d.ts'
[19:30:10.534] Adding entry into typings cache: 'sax' => 'C:/Users/Fernando/AppData/Local/Microsoft/TypeScript/4.5/node_modules/@types/sax/index.d.ts'
[19:30:10.536] Adding entry into typings cache: 'semver' => 'C:/Users/Fernando/AppData/Local/Microsoft/TypeScript/4.5/node_modules/@types/semver/index.d.ts'
[19:30:10.537] Adding entry into typings cache: 'send' => 'C:/Users/Fernando/AppData/Local/Microsoft/TypeScript/4.5/node_modules/@types/send/index.d.ts'
[19:30:10.539] Adding entry into typings cache: 'serialize-javascript' => 'C:/Users/Fernando/AppData/Local/Microsoft/TypeScript/4.5/node_modules/@types/serialize-javascript/index.d.ts'
[19:30:10.540] Adding entry into typings cache: 'serve-index' => 'C:/Users/Fernando/AppData/Local/Microsoft/TypeScript/4.5/node_modules/@types/serve-index/index.d.ts'
[19:30:10.541] Adding entry into typings cache: 'serve-static' => 'C:/Users/Fernando/AppData/Local/Microsoft/TypeScript/4.5/node_modules/@types/serve-static/index.d.ts'
[19:30:10.542] Adding entry into typings cache: 'set-cookie-parser' => 'C:/Users/Fernando/AppData/Local/Microsoft/TypeScript/4.5/node_modules/@types/set-cookie-parser/index.d.ts'
[19:30:10.544] Adding entry into typings cache: 'set-value' => 'C:/Users/Fernando/AppData/Local/Microsoft/TypeScript/4.5/node_modules/@types/set-value/index.d.ts'
[19:30:10.545] Adding entry into typings cache: 'shebang-command' => 'C:/Users/Fernando/AppData/Local/Microsoft/TypeScript/4.5/node_modules/@types/shebang-command/index.d.ts'
[19:30:10.546] Adding entry into typings cache: 'shimmer' => 'C:/Users/Fernando/AppData/Local/Microsoft/TypeScript/4.5/node_modules/@types/shimmer/index.d.ts'
[19:30:10.547] Adding entry into typings cache: 'signal-exit' => 'C:/Users/Fernando/AppData/Local/Microsoft/TypeScript/4.5/node_modules/@types/signal-exit/index.d.ts'
[19:30:10.548] Adding entry into typings cache: 'sockjs' => 'C:/Users/Fernando/AppData/Local/Microsoft/TypeScript/4.5/node_modules/@types/sockjs/index.d.ts'
[19:30:10.550] Adding entry into typings cache: 'source-map-support' => 'C:/Users/Fernando/AppData/Local/Microsoft/TypeScript/4.5/node_modules/@types/source-map-support/index.d.ts'
[19:30:10.551] Adding entry into typings cache: 'spdx-correct' => 'C:/Users/Fernando/AppData/Local/Microsoft/TypeScript/4.5/node_modules/@types/spdx-correct/index.d.ts'
[19:30:10.552] Adding entry into typings cache: 'spdx-expression-parse' => 'C:/Users/Fernando/AppData/Local/Microsoft/TypeScript/4.5/node_modules/@types/spdx-expression-parse/index.d.ts'
[19:30:10.553] Adding entry into typings cache: 'spdy' => 'C:/Users/Fernando/AppData/Local/Microsoft/TypeScript/4.5/node_modules/@types/spdy/index.d.ts'
[19:30:10.554] Adding entry into typings cache: 'split2' => 'C:/Users/Fernando/AppData/Local/Microsoft/TypeScript/4.5/node_modules/@types/split2/index.d.ts'
[19:30:10.555] Adding entry into typings cache: 'sprintf' => 'C:/Users/Fernando/AppData/Local/Microsoft/TypeScript/4.5/node_modules/@types/sprintf/index.d.ts'
[19:30:10.557] Adding entry into typings cache: 'sprintf-js' => 'C:/Users/Fernando/AppData/Local/Microsoft/TypeScript/4.5/node_modules/@types/sprintf-js/index.d.ts'
[19:30:10.559] Adding entry into typings cache: 'ssri' => 'C:/Users/Fernando/AppData/Local/Microsoft/TypeScript/4.5/node_modules/@types/ssri/index.d.ts'
[19:30:10.562] Adding entry into typings cache: 'stack-utils' => 'C:/Users/Fernando/AppData/Local/Microsoft/TypeScript/4.5/node_modules/@types/stack-utils/index.d.ts'
[19:30:10.565] Adding entry into typings cache: 'statuses' => 'C:/Users/Fernando/AppData/Local/Microsoft/TypeScript/4.5/node_modules/@types/statuses/index.d.ts'
[19:30:10.567] Adding entry into typings cache: 'stream-shift' => 'C:/Users/Fernando/AppData/Local/Microsoft/TypeScript/4.5/node_modules/@types/stream-shift/index.d.ts'
[19:30:10.569] Adding entry into typings cache: 'string-similarity' => 'C:/Users/Fernando/AppData/Local/Microsoft/TypeScript/4.5/node_modules/@types/string-similarity/index.d.ts'
[19:30:10.570] Adding entry into typings cache: 'strip-final-newline' => 'C:/Users/Fernando/AppData/Local/Microsoft/TypeScript/4.5/node_modules/@types/strip-final-newline/index.d.ts'
[19:30:10.571] Adding entry into typings cache: 'stylus' => 'C:/Users/Fernando/AppData/Local/Microsoft/TypeScript/4.5/node_modules/@types/stylus/index.d.ts'
[19:30:10.573] Adding entry into typings cache: 'superagent' => 'C:/Users/Fernando/AppData/Local/Microsoft/TypeScript/4.5/node_modules/@types/superagent/index.d.ts'
[19:30:10.574] Adding entry into typings cache: 'supertest' => 'C:/Users/Fernando/AppData/Local/Microsoft/TypeScript/4.5/node_modules/@types/supertest/index.d.ts'
[19:30:10.577] Adding entry into typings cache: 'supports-color' => 'C:/Users/Fernando/AppData/Local/Microsoft/TypeScript/4.5/node_modules/@types/supports-color/index.d.ts'
[19:30:10.578] Adding entry into typings cache: 'symbol-tree' => 'C:/Users/Fernando/AppData/Local/Microsoft/TypeScript/4.5/node_modules/@types/symbol-tree/index.d.ts'
[19:30:10.579] Adding entry into typings cache: 'tar' => 'C:/Users/Fernando/AppData/Local/Microsoft/TypeScript/4.5/node_modules/@types/tar/index.d.ts'
[19:30:10.581] Adding entry into typings cache: 'text-table' => 'C:/Users/Fernando/AppData/Local/Microsoft/TypeScript/4.5/node_modules/@types/text-table/index.d.ts'
[19:30:10.582] Adding entry into typings cache: 'through' => 'C:/Users/Fernando/AppData/Local/Microsoft/TypeScript/4.5/node_modules/@types/through/index.d.ts'
[19:30:10.583] Adding entry into typings cache: 'through2' => 'C:/Users/Fernando/AppData/Local/Microsoft/TypeScript/4.5/node_modules/@types/through2/index.d.ts'
[19:30:10.584] Adding entry into typings cache: 'thunky' => 'C:/Users/Fernando/AppData/Local/Microsoft/TypeScript/4.5/node_modules/@types/thunky/index.d.ts'
[19:30:10.586] Adding entry into typings cache: 'tmp' => 'C:/Users/Fernando/AppData/Local/Microsoft/TypeScript/4.5/node_modules/@types/tmp/index.d.ts'
[19:30:10.588] Adding entry into typings cache: 'tmpl' => 'C:/Users/Fernando/AppData/Local/Microsoft/TypeScript/4.5/node_modules/@types/tmpl/index.d.ts'
[19:30:10.589] Adding entry into typings cache: 'to-absolute-glob' => 'C:/Users/Fernando/AppData/Local/Microsoft/TypeScript/4.5/node_modules/@types/to-absolute-glob/index.d.ts'
[19:30:10.591] Adding entry into typings cache: 'to-regex' => 'C:/Users/Fernando/AppData/Local/Microsoft/TypeScript/4.5/node_modules/@types/to-regex/index.d.ts'
[19:30:10.594] Adding entry into typings cache: 'to-regex-range' => 'C:/Users/Fernando/AppData/Local/Microsoft/TypeScript/4.5/node_modules/@types/to-regex-range/index.d.ts'
[19:30:10.595] Adding entry into typings cache: 'touch' => 'C:/Users/Fernando/AppData/Local/Microsoft/TypeScript/4.5/node_modules/@types/touch/index.d.ts'
[19:30:10.597] Adding entry into typings cache: 'tough-cookie' => 'C:/Users/Fernando/AppData/Local/Microsoft/TypeScript/4.5/node_modules/@types/tough-cookie/index.d.ts'
[19:30:10.599] Adding entry into typings cache: 'type-check' => 'C:/Users/Fernando/AppData/Local/Microsoft/TypeScript/4.5/node_modules/@types/type-check/index.d.ts'
[19:30:10.600] Adding entry into typings cache: 'type-detect' => 'C:/Users/Fernando/AppData/Local/Microsoft/TypeScript/4.5/node_modules/@types/type-detect/index.d.ts'
[19:30:10.602] Adding entry into typings cache: 'type-is' => 'C:/Users/Fernando/AppData/Local/Microsoft/TypeScript/4.5/node_modules/@types/type-is/index.d.ts'
[19:30:10.603] Adding entry into typings cache: 'ua-parser-js' => 'C:/Users/Fernando/AppData/Local/Microsoft/TypeScript/4.5/node_modules/@types/ua-parser-js/index.d.ts'
[19:30:10.605] Adding entry into typings cache: 'unc-path-regex' => 'C:/Users/Fernando/AppData/Local/Microsoft/TypeScript/4.5/node_modules/@types/unc-path-regex/index.d.ts'
[19:30:10.607] Adding entry into typings cache: 'underscore' => 'C:/Users/Fernando/AppData/Local/Microsoft/TypeScript/4.5/node_modules/@types/underscore/index.d.ts'
[19:30:10.608] Adding entry into typings cache: 'uniq' => 'C:/Users/Fernando/AppData/Local/Microsoft/TypeScript/4.5/node_modules/@types/uniq/index.d.ts'
[19:30:10.612] Adding entry into typings cache: 'universalify' => 'C:/Users/Fernando/AppData/Local/Microsoft/TypeScript/4.5/node_modules/@types/universalify/index.d.ts'
[19:30:10.614] Adding entry into typings cache: 'update-notifier' => 'C:/Users/Fernando/AppData/Local/Microsoft/TypeScript/4.5/node_modules/@types/update-notifier/index.d.ts'
[19:30:10.617] Adding entry into typings cache: 'urix' => 'C:/Users/Fernando/AppData/Local/Microsoft/TypeScript/4.5/node_modules/@types/urix/index.d.ts'
[19:30:10.618] Adding entry into typings cache: 'url-parse-lax' => 'C:/Users/Fernando/AppData/Local/Microsoft/TypeScript/4.5/node_modules/@types/url-parse-lax/index.d.ts'
[19:30:10.621] Adding entry into typings cache: 'util-deprecate' => 'C:/Users/Fernando/AppData/Local/Microsoft/TypeScript/4.5/node_modules/@types/util-deprecate/index.d.ts'
[19:30:10.623] Adding entry into typings cache: 'utils-merge' => 'C:/Users/Fernando/AppData/Local/Microsoft/TypeScript/4.5/node_modules/@types/utils-merge/index.d.ts'
[19:30:10.624] Adding entry into typings cache: 'uuid' => 'C:/Users/Fernando/AppData/Local/Microsoft/TypeScript/4.5/node_modules/@types/uuid/index.d.ts'
[19:30:10.625] Adding entry into typings cache: 'validate-npm-package-license' => 'C:/Users/Fernando/AppData/Local/Microsoft/TypeScript/4.5/node_modules/@types/validate-npm-package-license/index.d.ts'
[19:30:10.627] Adding entry into typings cache: 'validate-npm-package-name' => 'C:/Users/Fernando/AppData/Local/Microsoft/TypeScript/4.5/node_modules/@types/validate-npm-package-name/index.d.ts'
[19:30:10.629] Adding entry into typings cache: 'validator' => 'C:/Users/Fernando/AppData/Local/Microsoft/TypeScript/4.5/node_modules/@types/validator/index.d.ts'
[19:30:10.630] Adding entry into typings cache: 'vary' => 'C:/Users/Fernando/AppData/Local/Microsoft/TypeScript/4.5/node_modules/@types/vary/index.d.ts'
[19:30:10.631] Adding entry into typings cache: 'void-elements' => 'C:/Users/Fernando/AppData/Local/Microsoft/TypeScript/4.5/node_modules/@types/void-elements/index.d.ts'
[19:30:10.632] Adding entry into typings cache: 'w3c-hr-time' => 'C:/Users/Fernando/AppData/Local/Microsoft/TypeScript/4.5/node_modules/@types/w3c-hr-time/index.d.ts'
[19:30:10.633] Adding entry into typings cache: 'w3c-xmlserializer' => 'C:/Users/Fernando/AppData/Local/Microsoft/TypeScript/4.5/node_modules/@types/w3c-xmlserializer/index.d.ts'
[19:30:10.635] Adding entry into typings cache: 'watchpack' => 'C:/Users/Fernando/AppData/Local/Microsoft/TypeScript/4.5/node_modules/@types/watchpack/index.d.ts'
[19:30:10.636] Adding entry into typings cache: 'wcwidth' => 'C:/Users/Fernando/AppData/Local/Microsoft/TypeScript/4.5/node_modules/@types/wcwidth/index.d.ts'
[19:30:10.638] Adding entry into typings cache: 'webidl-conversions' => 'C:/Users/Fernando/AppData/Local/Microsoft/TypeScript/4.5/node_modules/@types/webidl-conversions/index.d.ts'
[19:30:10.641] Adding entry into typings cache: 'webpack-dev-middleware' => 'C:/Users/Fernando/AppData/Local/Microsoft/TypeScript/4.5/node_modules/@types/webpack-dev-middleware/index.d.ts'
[19:30:10.644] Adding entry into typings cache: 'webpack-dev-server' => 'C:/Users/Fernando/AppData/Local/Microsoft/TypeScript/4.5/node_modules/@types/webpack-dev-server/index.d.ts'
[19:30:10.648] Adding entry into typings cache: 'webpack-sources' => 'C:/Users/Fernando/AppData/Local/Microsoft/TypeScript/4.5/node_modules/@types/webpack-sources/index.d.ts'
[19:30:10.651] Adding entry into typings cache: 'whatwg-encoding' => 'C:/Users/Fernando/AppData/Local/Microsoft/TypeScript/4.5/node_modules/@types/whatwg-encoding/index.d.ts'
[19:30:10.653] Adding entry into typings cache: 'whatwg-mimetype' => 'C:/Users/Fernando/AppData/Local/Microsoft/TypeScript/4.5/node_modules/@types/whatwg-mimetype/index.d.ts'
[19:30:10.654] Adding entry into typings cache: 'whatwg-url' => 'C:/Users/Fernando/AppData/Local/Microsoft/TypeScript/4.5/node_modules/@types/whatwg-url/index.d.ts'
[19:30:10.656] Adding entry into typings cache: 'which' => 'C:/Users/Fernando/AppData/Local/Microsoft/TypeScript/4.5/node_modules/@types/which/index.d.ts'
[19:30:10.657] Adding entry into typings cache: 'wrap-ansi' => 'C:/Users/Fernando/AppData/Local/Microsoft/TypeScript/4.5/node_modules/@types/wrap-ansi/index.d.ts'
[19:30:10.658] Adding entry into typings cache: 'write-file-atomic' => 'C:/Users/Fernando/AppData/Local/Microsoft/TypeScript/4.5/node_modules/@types/write-file-atomic/index.d.ts'
[19:30:10.659] Adding entry into typings cache: 'ws' => 'C:/Users/Fernando/AppData/Local/Microsoft/TypeScript/4.5/node_modules/@types/ws/index.d.ts'
[19:30:10.661] Adding entry into typings cache: 'xtend' => 'C:/Users/Fernando/AppData/Local/Microsoft/TypeScript/4.5/node_modules/@types/xtend/index.d.ts'
[19:30:10.662] Adding entry into typings cache: 'yallist' => 'C:/Users/Fernando/AppData/Local/Microsoft/TypeScript/4.5/node_modules/@types/yallist/index.d.ts'
[19:30:10.664] Adding entry into typings cache: 'yargs' => 'C:/Users/Fernando/AppData/Local/Microsoft/TypeScript/4.5/node_modules/@types/yargs/index.d.ts'
[19:30:10.665] Adding entry into typings cache: 'yargs-parser' => 'C:/Users/Fernando/AppData/Local/Microsoft/TypeScript/4.5/node_modules/@types/yargs-parser/index.d.ts'
[19:30:10.665] Finished processing cache location 'C:/Users/Fernando/AppData/Local/Microsoft/TypeScript/4.5'
[19:30:10.665] Process id: 1812
[19:30:10.666] NPM location: "C:\Program Files\nodejs\npm" (explicit '--npmLocation' not  provided)
[19:30:10.666] validateDefaultNpmLocation: false
[19:30:10.666] Npm config file: C:/Users/Fernando/AppData/Local/Microsoft/TypeScript/4.5/package.json
[19:30:10.666] Updating types-registry npm package...
[19:30:10.667] Exec: "C:\Program Files\nodejs\npm" install --ignore-scripts types-registry@latest
[19:30:14.265]     Succeeded. stdout:
    
    up to date, audited 674 packages in 3s

17 packages are looking for funding
  run `npm fund` for details

7 vulnerabilities (4 moderate, 3 high)

To address all issues possible (including breaking changes), run:
  npm audit fix --force

Some issues need review, and may require choosing
a different dependency.

Run `npm audit` for details.

[19:30:14.266] Updated types-registry npm package
[19:30:14.312] Got install request {"projectName":"/dev/null/inferredProject1*","fileNames":["c:/Users/Fernando/AppData/Roaming/npm/node_modules/typescript/lib/lib.es5.d.ts","c:/Users/Fernando/AppData/Roaming/npm/node_modules/typescript/lib/lib.es2015.d.ts","c:/Users/Fernando/AppData/Roaming/npm/node_modules/typescript/lib/lib.es2016.d.ts","c:/Users/Fernando/AppData/Roaming/npm/node_modules/typescript/lib/lib.dom.d.ts","c:/Users/Fernando/AppData/Roaming/npm/node_modules/typescript/lib/lib.dom.iterable.d.ts","c:/Users/Fernando/AppData/Roaming/npm/node_modules/typescript/lib/lib.webworker.importscripts.d.ts","c:/Users/Fernando/AppData/Roaming/npm/node_modules/typescript/lib/lib.scripthost.d.ts","c:/Users/Fernando/AppData/Roaming/npm/node_modules/typescript/lib/lib.es2015.core.d.ts","c:/Users/Fernando/AppData/Roaming/npm/node_modules/typescript/lib/lib.es2015.collection.d.ts","c:/Users/Fernando/AppData/Roaming/npm/node_modules/typescript/lib/lib.es2015.generator.d.ts","c:/Users/Fernando/AppData/Roaming/npm/node_modules/typescript/lib/lib.es2015.iterable.d.ts","c:/Users/Fernando/AppData/Roaming/npm/node_modules/typescript/lib/lib.es2015.promise.d.ts","c:/Users/Fernando/AppData/Roaming/npm/node_modules/typescript/lib/lib.es2015.proxy.d.ts","c:/Users/Fernando/AppData/Roaming/npm/node_modules/typescript/lib/lib.es2015.reflect.d.ts","c:/Users/Fernando/AppData/Roaming/npm/node_modules/typescript/lib/lib.es2015.symbol.d.ts","c:/Users/Fernando/AppData/Roaming/npm/node_modules/typescript/lib/lib.es2015.symbol.wellknown.d.ts","c:/Users/Fernando/AppData/Roaming/npm/node_modules/typescript/lib/lib.es2016.array.include.d.ts","c:/Users/Fernando/AppData/Roaming/npm/node_modules/typescript/lib/lib.es2016.full.d.ts","c:/Users/Fernando/Desktop/swanson-bot/src/services/api.js","c:/Users/Fernando/Desktop/swanson-bot/src/bot.js"],"compilerOptions":{"module":1,"target":3,"jsx":1,"allowJs":true,"allowSyntheticDefaultImports":true,"allowNonTsExtensions":true,"noEmitForJsFiles":true,"maxNodeModuleJsDepth":2},"typeAcquisition":{"enable":true,"include":[],"exclude":[]},"unresolvedImports":[],"projectRootPath":"c:/Users/Fernando/Desktop/swanson-bot/src","kind":"discover"}
[19:30:14.319] Loaded safelist from types map file 'c:/users/fernando/appdata/roaming/npm/node_modules/typescript/lib/typesmap.json'
[19:30:14.321] Explicitly included types: []
[19:30:14.323] Inferred typings from unresolved imports: []
[19:30:14.324] Result: {"cachedTypingPaths":[],"newTypingNames":[],"filesToWatch":["c:/Users/Fernando/Desktop/swanson-bot/src/services/bower_components","c:/Users/Fernando/Desktop/swanson-bot/src/services/node_modules","c:/Users/Fernando/Desktop/swanson-bot/src/bower_components","c:/Users/Fernando/Desktop/swanson-bot/src/node_modules"]}
[19:30:14.324] Finished typings discovery: {"cachedTypingPaths":[],"newTypingNames":[],"filesToWatch":["c:/Users/Fernando/Desktop/swanson-bot/src/services/bower_components","c:/Users/Fernando/Desktop/swanson-bot/src/services/node_modules","c:/Users/Fernando/Desktop/swanson-bot/src/bower_components","c:/Users/Fernando/Desktop/swanson-bot/src/node_modules"]}
[19:30:14.325] DirectoryWatcher:: Added:: WatchInfo: c:/Users/Fernando/Desktop/swanson-bot/src/services
[19:30:14.326] DirectoryWatcher:: Added:: WatchInfo: c:/Users/Fernando/Desktop/swanson-bot/src/services 1 undefined Project: /dev/null/inferredProject1* watcher already invoked: false
[19:30:14.328] Elapsed:: 1.6449000090360641ms DirectoryWatcher:: Added:: WatchInfo: c:/Users/Fernando/Desktop/swanson-bot/src/services 1 undefined Project: /dev/null/inferredProject1* watcher already invoked: false
[19:30:14.328] DirectoryWatcher:: Added:: WatchInfo: c:/Users/Fernando/Desktop/swanson-bot/src/bower_components
[19:30:14.328] DirectoryWatcher:: Added:: WatchInfo: c:/Users/Fernando/Desktop/swanson-bot/src/bower_components 1 undefined Project: /dev/null/inferredProject1* watcher already invoked: false
[19:30:14.330] Elapsed:: 1.2853999882936478ms DirectoryWatcher:: Added:: WatchInfo: c:/Users/Fernando/Desktop/swanson-bot/src/bower_components 1 undefined Project: /dev/null/inferredProject1* watcher already invoked: false
[19:30:14.330] DirectoryWatcher:: Added:: WatchInfo: c:/Users/Fernando/Desktop/swanson-bot/src/node_modules
[19:30:14.330] DirectoryWatcher:: Added:: WatchInfo: c:/Users/Fernando/Desktop/swanson-bot/src/node_modules 1 undefined Project: /dev/null/inferredProject1* watcher already invoked: false
[19:30:14.331] Elapsed:: 0.3037000000476837ms DirectoryWatcher:: Added:: WatchInfo: c:/Users/Fernando/Desktop/swanson-bot/src/node_modules 1 undefined Project: /dev/null/inferredProject1* watcher already invoked: false
[19:30:14.331] Sending response:
    {"projectName":"/dev/null/inferredProject1*","typeAcquisition":{"enable":true,"include":[],"exclude":[]},"compilerOptions":{"module":1,"target":3,"jsx":1,"allowJs":true,"allowSyntheticDefaultImports":true,"allowNonTsExtensions":true,"noEmitForJsFiles":true,"maxNodeModuleJsDepth":2},"typings":[],"unresolvedImports":[],"kind":"action::set"}
[19:30:14.332] Response has been sent.
[19:30:14.332] No new typings were requested as a result of typings discovery
